<?xml version="1.0" encoding="UTF-8"?>
<testng-results skipped="0" failed="0" total="1" passed="1">
  <reporter-output>
  </reporter-output>
  <suite name="Default suite" duration-ms="204" started-at="2020-06-13T04:54:01Z" finished-at="2020-06-13T04:54:01Z">
    <groups>
    </groups>
    <test name="Default test" duration-ms="204" started-at="2020-06-13T04:54:01Z" finished-at="2020-06-13T04:54:01Z">
      <class name="TestNG_Demo.Login_TestNG">
        <test-method status="PASS" signature="firstTestCase()[pri:0, instance:TestNG_Demo.Login_TestNG@e6e9c3]" name="firstTestCase" duration-ms="57" started-at="2020-06-13T00:54:01Z" finished-at="2020-06-13T00:54:01Z">
          <reporter-output>
          </reporter-output>
        </test-method> <!-- firstTestCase -->
      </class> <!-- TestNG_Demo.Login_TestNG -->
    </test> <!-- Default test -->
  </suite> <!-- Default suite -->
</testng-results>
