<?xml version="1.0" encoding="UTF-8"?>
<testng-results ignored="0" total="2" passed="2" failed="0" skipped="0">
  <reporter-output>
  </reporter-output>
  <suite started-at="2020-07-30T16:54:04 CDT" name="Test Suite" finished-at="2020-07-30T16:54:40 CDT" duration-ms="35383">
    <groups>
    </groups>
    <test started-at="2020-07-30T16:54:04 CDT" name="Test Cases" finished-at="2020-07-30T16:54:40 CDT" duration-ms="35383">
      <class name="maventestng.ButtonNG">
        <test-method is-config="true" signature="launchBrowser()[pri:0, instance:maventestng.ButtonNG@769e7ee8]" started-at="2020-07-30T16:54:01 CDT" name="launchBrowser" finished-at="2020-07-30T16:54:04 CDT" duration-ms="3039" status="PASS">
          <reporter-output>
          </reporter-output>
        </test-method> <!-- launchBrowser -->
        <test-method signature="buttonexample()[pri:0, instance:maventestng.ButtonNG@769e7ee8]" started-at="2020-07-30T16:54:30 CDT" name="buttonexample" finished-at="2020-07-30T16:54:40 CDT" duration-ms="10036" status="PASS">
          <reporter-output>
          </reporter-output>
        </test-method> <!-- buttonexample -->
        <test-method is-config="true" signature="closebrowser()[pri:0, instance:maventestng.ButtonNG@769e7ee8]" started-at="2020-07-30T16:54:40 CDT" name="closebrowser" finished-at="2020-07-30T16:54:41 CDT" duration-ms="637" status="PASS">
          <reporter-output>
          </reporter-output>
        </test-method> <!-- closebrowser -->
      </class> <!-- maventestng.ButtonNG -->
      <class name="maventestng.AlertNG">
        <test-method is-config="true" signature="launchBrowser()[pri:0, instance:maventestng.AlertNG@12b0404f]" started-at="2020-07-30T16:53:57 CDT" name="launchBrowser" finished-at="2020-07-30T16:54:01 CDT" duration-ms="4013" status="PASS">
          <reporter-output>
          </reporter-output>
        </test-method> <!-- launchBrowser -->
        <test-method signature="alertexample()[pri:1, instance:maventestng.AlertNG@12b0404f]" started-at="2020-07-30T16:54:04 CDT" name="alertexample" finished-at="2020-07-30T16:54:30 CDT" duration-ms="25304" status="PASS">
          <reporter-output>
          </reporter-output>
        </test-method> <!-- alertexample -->
        <test-method is-config="true" signature="closebrowser()[pri:0, instance:maventestng.AlertNG@12b0404f]" started-at="2020-07-30T16:54:40 CDT" name="closebrowser" finished-at="2020-07-30T16:54:40 CDT" duration-ms="628" status="PASS">
          <reporter-output>
          </reporter-output>
        </test-method> <!-- closebrowser -->
      </class> <!-- maventestng.AlertNG -->
    </test> <!-- Test Cases -->
  </suite> <!-- Test Suite -->
</testng-results>
