<?xml version="1.0" encoding="UTF-8"?>
<testng-results ignored="0" total="0" passed="0" failed="0" skipped="0">
  <reporter-output>
  </reporter-output>
  <suite started-at="2020-07-27T00:09:44 CDT" name="Default suite" finished-at="2020-07-27T00:09:44 CDT" duration-ms="11">
    <groups>
    </groups>
    <test started-at="2020-07-27T00:09:44 CDT" name="Default test" finished-at="2020-07-27T00:09:44 CDT" duration-ms="11">
    </test> <!-- Default test -->
  </suite> <!-- Default suite -->
</testng-results>
